{
  "RSpec": {
    "coverage": {
      "/users/rileypants/ada/git/project_forks/seemore/app/models/user.rb": [
        1,
        1,
        1,
        1,
        null,
        null,
        1,
        0,
        0,
        null,
        0,
        null,
        null,
        0,
        0,
        0,
        0,
        0,
        0,
        0,
        null,
        0,
        null,
        0,
        0,
        null,
        null,
        null,
        null,
        null,
        null,
        1,
        0,
        0,
        0,
        0,
        0,
        null,
        null,
        null,
        0,
        null,
        null,
        null
      ],
      "/users/rileypants/ada/git/project_forks/seemore/app/controllers/application_controller.rb": [
        1,
        null,
        null,
        1,
        1,
        1,
        1,
        null,
        1,
        0,
        null,
        null,
        null,
        1,
        0,
        0,
        0,
        null,
        null,
        null
      ],
      "/users/rileypants/ada/git/project_forks/seemore/app/controllers/creators_controller.rb": [
        1,
        null,
        1,
        0,
        0,
        null,
        0,
        null,
        null,
        null,
        1,
        null,
        0,
        0,
        0,
        0,
        0,
        0,
        0,
        null,
        null,
        0,
        0,
        null,
        0,
        null,
        0,
        0,
        null,
        null,
        null,
        null,
        null,
        0,
        0,
        null,
        0,
        null,
        0,
        0,
        0,
        0,
        null,
        0,
        null,
        null,
        null
      ],
      "/users/rileypants/ada/git/project_forks/seemore/app/controllers/searches_controller.rb": [
        1,
        1,
        null,
        null,
        1,
        0,
        0,
        0,
        null,
        0,
        0,
        0,
        0,
        null,
        0,
        0,
        null,
        0,
        0,
        null,
        0,
        0,
        0,
        0,
        0,
        null,
        0,
        null,
        null,
        null,
        null,
        null
      ],
      "/users/rileypants/ada/git/project_forks/seemore/app/controllers/sessions_controller.rb": [
        1,
        1,
        1,
        null,
        1,
        null,
        null,
        1,
        0,
        0,
        0,
        0,
        0,
        0,
        null,
        0,
        null,
        null,
        0,
        null,
        null,
        null,
        1,
        0,
        0,
        null,
        null
      ],
      "/users/rileypants/ada/git/project_forks/seemore/app/controllers/users_controller.rb": [
        1,
        null,
        1,
        0,
        null,
        null,
        null
      ],
      "/users/rileypants/ada/git/project_forks/seemore/app/models/category.rb": [
        1,
        1,
        1,
        null
      ],
      "/users/rileypants/ada/git/project_forks/seemore/app/models/creator.rb": [
        0,
        0,
        0,
        0,
        0,
        0,
        0,
        0,
        0,
        0,
        0,
        0,
        0,
        0,
        0,
        0,
        0,
        0,
        0,
        0,
        0,
        0,
        0,
        0,
        0,
        0,
        0,
        0,
        0,
        0,
        0,
        0,
        0,
        0,
        0,
        0,
        0,
        0,
        0,
        0,
        0,
        0,
        0
      ],
      "/users/rileypants/ada/git/project_forks/seemore/app/models/tweet.rb": [
        0,
        0
      ],
      "/users/rileypants/ada/git/project_forks/seemore/app/models/video.rb": [
        0,
        0,
        0,
        0,
        0,
        0
      ]
    },
    "timestamp": 1452647542
  }
}
