{
  "RSpec": {
    "coverage": {
      "/Users/emilygordon/Ada/project-forks/seemore/app/controllers/creators_controller.rb": [
        1,
        null
      ],
      "/Users/emilygordon/Ada/project-forks/seemore/app/controllers/application_controller.rb": [
        1,
        null,
        null,
        1,
        1,
        null,
        1,
        0,
        null,
        null
      ],
      "/Users/emilygordon/Ada/project-forks/seemore/app/controllers/searches_controller.rb": [
        1,
        null,
        1,
        null,
        null,
        null
      ],
      "/Users/emilygordon/Ada/project-forks/seemore/app/controllers/sessions_controller.rb": [
        1,
        1,
        0,
        0,
        null,
        null
      ],
      "/Users/emilygordon/Ada/project-forks/seemore/app/controllers/users_controller.rb": [
        1,
        null,
        1,
        null,
        null,
        null
      ],
      "/Users/emilygordon/Ada/project-forks/seemore/app/models/creator.rb": [
        1,
        null
      ],
      "/Users/emilygordon/Ada/project-forks/seemore/app/models/tweet.rb": [
        1,
        null
      ],
      "/Users/emilygordon/Ada/project-forks/seemore/app/models/user.rb": [
        1,
        null
      ],
      "/Users/emilygordon/Ada/project-forks/seemore/app/models/video.rb": [
        1,
        null
      ],
      "/Users/emilygordon/Ada/project-forks/seemore/app/helpers/application_helper.rb": [
        0,
        0
      ],
      "/Users/emilygordon/Ada/project-forks/seemore/app/helpers/creators_helper.rb": [
        0,
        0
      ],
      "/Users/emilygordon/Ada/project-forks/seemore/app/helpers/searches_helper.rb": [
        0,
        0
      ],
      "/Users/emilygordon/Ada/project-forks/seemore/app/helpers/sessions_helper.rb": [
        0,
        0
      ],
      "/Users/emilygordon/Ada/project-forks/seemore/app/helpers/users_helper.rb": [
        0,
        0
      ]
    },
    "timestamp": 1452192963
  }
}
